2017-04-05 16:59:05,051 [Worker-3] INFO  c.g.t.t.d.PublishedGradleVersions - Gradle version information cache is not available. Remote download required.
2017-04-10 18:52:20,920 [Worker-3] INFO  c.g.t.t.d.PublishedGradleVersions - Gradle version information cache is out-of-date. Trying to update.
2017-04-11 10:40:44,682 [Worker-1] INFO  c.g.t.t.d.PublishedGradleVersions - Gradle version information cache is up-to-date. Trying to read.
2017-04-13 12:48:19,094 [Worker-0] INFO  c.g.t.t.d.PublishedGradleVersions - Gradle version information cache is out-of-date. Trying to update.
2017-04-17 19:52:50,836 [Worker-7] INFO  c.g.t.t.d.PublishedGradleVersions - Gradle version information cache is out-of-date. Trying to update.
2017-04-17 19:53:01,323 [Worker-7] INFO  c.g.t.t.d.PublishedGradleVersions - Updating Gradle version information cache failed. Using outdated cache.
2017-04-22 13:24:29,135 [Worker-1] INFO  c.g.t.t.d.PublishedGradleVersions - Gradle version information cache is out-of-date. Trying to update.
2017-04-22 13:24:29,673 [Worker-1] INFO  c.g.t.t.d.PublishedGradleVersions - Updating Gradle version information cache failed. Using outdated cache.
2017-04-22 14:06:07,509 [Worker-0] INFO  c.g.t.t.d.PublishedGradleVersions - Gradle version information cache is out-of-date. Trying to update.
2017-04-22 14:08:09,235 [Worker-1] INFO  c.g.t.t.d.PublishedGradleVersions - Gradle version information cache is up-to-date. Trying to read.
2017-04-22 14:23:00,689 [Worker-3] INFO  c.g.t.t.d.PublishedGradleVersions - Gradle version information cache is up-to-date. Trying to read.
2017-04-22 14:44:50,067 [Worker-2] INFO  c.g.t.t.d.PublishedGradleVersions - Gradle version information cache is up-to-date. Trying to read.
2017-04-22 22:59:00,685 [Worker-2] INFO  c.g.t.t.d.PublishedGradleVersions - Gradle version information cache is up-to-date. Trying to read.
2017-04-23 19:30:46,438 [Worker-2] INFO  c.g.t.t.d.PublishedGradleVersions - Gradle version information cache is out-of-date. Trying to update.
2017-04-24 08:20:08,519 [Worker-0] INFO  c.g.t.t.d.PublishedGradleVersions - Gradle version information cache is up-to-date. Trying to read.
2017-05-01 17:17:46,924 [Worker-1] INFO  c.g.t.t.d.PublishedGradleVersions - Gradle version information cache is out-of-date. Trying to update.
2017-05-01 17:28:40,083 [Worker-0] INFO  c.g.t.t.d.PublishedGradleVersions - Gradle version information cache is up-to-date. Trying to read.
2017-05-01 17:41:49,307 [Worker-2] INFO  c.g.t.t.d.PublishedGradleVersions - Gradle version information cache is up-to-date. Trying to read.
2017-05-01 21:52:08,725 [Worker-1] INFO  c.g.t.t.d.PublishedGradleVersions - Gradle version information cache is up-to-date. Trying to read.
2017-05-02 14:16:15,125 [Worker-2] INFO  c.g.t.t.d.PublishedGradleVersions - Gradle version information cache is up-to-date. Trying to read.
2017-05-03 11:13:56,058 [Worker-4] INFO  c.g.t.t.d.PublishedGradleVersions - Gradle version information cache is out-of-date. Trying to update.
2017-05-03 16:33:36,740 [Worker-21] INFO  c.g.t.t.d.PublishedGradleVersions - Gradle version information cache is up-to-date. Trying to read.
2017-05-04 09:02:31,470 [Worker-3] INFO  c.g.t.t.d.PublishedGradleVersions - Gradle version information cache is up-to-date. Trying to read.
2017-05-05 20:28:54,927 [Worker-0] INFO  c.g.t.t.d.PublishedGradleVersions - Gradle version information cache is out-of-date. Trying to update.
2017-05-08 09:18:10,923 [Worker-1] INFO  c.g.t.t.d.PublishedGradleVersions - Gradle version information cache is out-of-date. Trying to update.
2017-05-08 09:18:11,413 [Worker-1] INFO  c.g.t.t.d.PublishedGradleVersions - Updating Gradle version information cache failed. Using outdated cache.
2017-05-09 07:59:48,596 [Worker-0] INFO  c.g.t.t.d.PublishedGradleVersions - Gradle version information cache is out-of-date. Trying to update.
2017-05-09 07:59:49,024 [Worker-0] INFO  c.g.t.t.d.PublishedGradleVersions - Updating Gradle version information cache failed. Using outdated cache.
2017-05-09 08:25:30,907 [Start Help Server] INFO  org.eclipse.jetty.util.log - Logging initialized @1554494ms
2017-05-09 08:25:31,044 [Start Help Server] INFO  org.eclipse.jetty.server.Server - jetty-9.3.9.v20160517
2017-05-09 08:25:31,094 [Start Help Server] INFO  o.e.j.server.handler.ContextHandler - Started o.e.j.s.ServletContextHandler@3b33454a{/help,null,AVAILABLE}
2017-05-09 08:25:31,116 [Start Help Server] INFO  o.e.jetty.server.AbstractConnector - Started ServerConnector@4eb3ee70{HTTP/1.1,[http/1.1]}{127.0.0.1:53140}
2017-05-09 08:25:31,117 [Start Help Server] INFO  org.eclipse.jetty.server.Server - Started @1554704ms
2017-05-09 08:52:17,220 [Stop Help Server] INFO  o.e.jetty.server.AbstractConnector - Stopped ServerConnector@4eb3ee70{HTTP/1.1,[http/1.1]}{127.0.0.1:0}
2017-05-09 08:52:17,232 [Stop Help Server] INFO  o.e.j.server.handler.ContextHandler - Stopped o.e.j.s.ServletContextHandler@3b33454a{/help,null,UNAVAILABLE}
2017-05-09 18:17:33,212 [Worker-3] INFO  c.g.t.t.d.PublishedGradleVersions - Gradle version information cache is out-of-date. Trying to update.
2017-05-11 07:48:09,612 [Worker-0] INFO  c.g.t.t.d.PublishedGradleVersions - Gradle version information cache is out-of-date. Trying to update.
2017-05-11 08:25:08,692 [Start Help Server] INFO  org.eclipse.jetty.util.log - Logging initialized @2231219ms
2017-05-11 08:25:08,826 [Start Help Server] INFO  org.eclipse.jetty.server.Server - jetty-9.3.9.v20160517
2017-05-11 08:25:08,885 [Start Help Server] INFO  o.e.j.server.handler.ContextHandler - Started o.e.j.s.ServletContextHandler@10c4fb87{/help,null,AVAILABLE}
2017-05-11 08:25:08,910 [Start Help Server] INFO  o.e.jetty.server.AbstractConnector - Started ServerConnector@4772dd9e{HTTP/1.1,[http/1.1]}{127.0.0.1:51472}
2017-05-11 08:25:08,910 [Start Help Server] INFO  org.eclipse.jetty.server.Server - Started @2231437ms
2017-05-11 17:05:43,624 [Stop Help Server] INFO  o.e.jetty.server.AbstractConnector - Stopped ServerConnector@4772dd9e{HTTP/1.1,[http/1.1]}{127.0.0.1:0}
2017-05-11 17:05:43,640 [Stop Help Server] INFO  o.e.j.server.handler.ContextHandler - Stopped o.e.j.s.ServletContextHandler@10c4fb87{/help,null,UNAVAILABLE}
